# JRE version: OpenJDK Runtime Environment Microsoft-8035246 (17.0.8+7) (build 17.0.8+7-LTS)
# Java VM: OpenJDK 64-Bit Server VM Microsoft-8035246 (17.0.8+7-LTS, mixed mode, sharing, tiered, compressed oops, compressed class ptrs, g1 gc, windows-amd64)
GC Precious Log:
 CPUs: 4 total, 4 available
 Memory: 16264M
 Large Page Support: Disabled
 NUMA Support: Disabled
 Compressed Oops: Enabled (32-bit)
 Heap Region Size: 1M
 Heap Min Capacity: 8M
 Heap Initial Capacity: 256M
 Heap Max Capacity: 2G
 Pre-touch: Disabled
 Parallel Workers: 4
 Concurrent Workers: 1
 Concurrent Refinement Workers: 4
 Periodic GC: Disabled
Heap:
 garbage-first heap   total 314368K, used 196608K [0x0000000080000000, 0x0000000100000000)
  region size 1024K, 48 young (49152K), 10 survivors (10240K)
 Metaspace       used 106903K, committed 107904K, reserved 557056K
  class space    used 14693K, committed 15168K, reserved 425984K
GC Heap History (20 events):
Event: 25.930 GC heap before
{Heap before GC invocations=39 (full 0):
 garbage-first heap   total 178176K, used 133884K [0x0000000080000000, 0x0000000100000000)
  region size 1024K, 46 young (47104K), 1 survivors (1024K)
 Metaspace       used 82882K, committed 83584K, reserved 557056K
  class space    used 11403K, committed 11776K, reserved 425984K
}
Event: 25.934 GC heap after
{Heap after GC invocations=40 (full 0):
 garbage-first heap   total 178176K, used 89281K [0x0000000080000000, 0x0000000100000000)
  region size 1024K, 3 young (3072K), 3 survivors (3072K)
 Metaspace       used 82882K, committed 83584K, reserved 557056K
  class space    used 11403K, committed 11776K, reserved 425984K
}
Event: 29.446 GC heap before
{Heap before GC invocations=41 (full 0):
 garbage-first heap   total 178176K, used 136385K [0x0000000080000000, 0x0000000100000000)
  region size 1024K, 49 young (50176K), 3 survivors (3072K)
 Metaspace       used 83296K, committed 84032K, reserved 557056K
  class space    used 11470K, committed 11840K, reserved 425984K
}
Event: 29.454 GC heap after
{Heap after GC invocations=42 (full 0):
 garbage-first heap   total 178176K, used 93220K [0x0000000080000000, 0x0000000100000000)
  region size 1024K, 6 young (6144K), 6 survivors (6144K)
 Metaspace       used 83296K, committed 84032K, reserved 557056K
  class space    used 11470K, committed 11840K, reserved 425984K
}
Event: 29.666 GC heap before
{Heap before GC invocations=42 (full 0):
 garbage-first heap   total 178176K, used 94244K [0x0000000080000000, 0x0000000100000000)
  region size 1024K, 8 young (8192K), 6 survivors (6144K)
 Metaspace       used 83351K, committed 84096K, reserved 557056K
  class space    used 11479K, committed 11840K, reserved 425984K
}
Event: 29.674 GC heap after
{Heap after GC invocations=43 (full 0):
 garbage-first heap   total 178176K, used 93554K [0x0000000080000000, 0x0000000100000000)
  region size 1024K, 1 young (1024K), 1 survivors (1024K)
 Metaspace       used 83351K, committed 84096K, reserved 557056K
  class space    used 11479K, committed 11840K, reserved 425984K
}
Event: 30.435 GC heap before
{Heap before GC invocations=43 (full 0):
 garbage-first heap   total 178176K, used 141682K [0x0000000080000000, 0x0000000100000000)
  region size 1024K, 47 young (48128K), 1 survivors (1024K)
 Metaspace       used 86651K, committed 87424K, reserved 557056K
  class space    used 11925K, committed 12288K, reserved 425984K
}
Event: 30.441 GC heap after
{Heap after GC invocations=44 (full 0):
 garbage-first heap   total 178176K, used 95652K [0x0000000080000000, 0x0000000100000000)
  region size 1024K, 3 young (3072K), 3 survivors (3072K)
 Metaspace       used 86651K, committed 87424K, reserved 557056K
  class space    used 11925K, committed 12288K, reserved 425984K
}
Event: 31.209 GC heap before
{Heap before GC invocations=45 (full 0):
 garbage-first heap   total 178176K, used 142756K [0x0000000080000000, 0x0000000100000000)
  region size 1024K, 49 young (50176K), 3 survivors (3072K)
 Metaspace       used 89911K, committed 90688K, reserved 557056K
  class space    used 12545K, committed 12928K, reserved 425984K
}
Event: 31.217 GC heap after
{Heap after GC invocations=46 (full 0):
 garbage-first heap   total 178176K, used 95652K [0x0000000080000000, 0x0000000100000000)
  region size 1024K, 3 young (3072K), 3 survivors (3072K)
 Metaspace       used 89911K, committed 90688K, reserved 557056K
  class space    used 12545K, committed 12928K, reserved 425984K
}
Event: 31.394 GC heap before
{Heap before GC invocations=46 (full 0):
 garbage-first heap   total 178176K, used 100772K [0x0000000080000000, 0x0000000100000000)
  region size 1024K, 8 young (8192K), 3 survivors (3072K)
 Metaspace       used 90256K, committed 91008K, reserved 557056K
  class space    used 12588K, committed 12928K, reserved 425984K
}
Event: 31.402 GC heap after
{Heap after GC invocations=47 (full 0):
 garbage-first heap   total 314368K, used 95761K [0x0000000080000000, 0x0000000100000000)
  region size 1024K, 1 young (1024K), 1 survivors (1024K)
 Metaspace       used 90256K, committed 91008K, reserved 557056K
  class space    used 12588K, committed 12928K, reserved 425984K
}
Event: 34.774 GC heap before
{Heap before GC invocations=47 (full 0):
 garbage-first heap   total 314368K, used 239121K [0x0000000080000000, 0x0000000100000000)
  region size 1024K, 136 young (139264K), 1 survivors (1024K)
 Metaspace       used 94837K, committed 95744K, reserved 557056K
  class space    used 13205K, committed 13632K, reserved 425984K
}
Event: 34.792 GC heap after
{Heap after GC invocations=48 (full 0):
 garbage-first heap   total 314368K, used 121712K [0x0000000080000000, 0x0000000100000000)
  region size 1024K, 17 young (17408K), 17 survivors (17408K)
 Metaspace       used 94837K, committed 95744K, reserved 557056K
  class space    used 13205K, committed 13632K, reserved 425984K
}
Event: 37.265 GC heap before
{Heap before GC invocations=48 (full 0):
 garbage-first heap   total 314368K, used 238448K [0x0000000080000000, 0x0000000100000000)
  region size 1024K, 130 young (133120K), 17 survivors (17408K)
 Metaspace       used 101426K, committed 102400K, reserved 557056K
  class space    used 14076K, committed 14528K, reserved 425984K
}
Event: 37.294 GC heap after
{Heap after GC invocations=49 (full 0):
 garbage-first heap   total 314368K, used 139151K [0x0000000080000000, 0x0000000100000000)
  region size 1024K, 15 young (15360K), 15 survivors (15360K)
 Metaspace       used 101426K, committed 102400K, reserved 557056K
  class space    used 14076K, committed 14528K, reserved 425984K
}
Event: 39.339 GC heap before
{Heap before GC invocations=49 (full 0):
 garbage-first heap   total 314368K, used 241551K [0x0000000080000000, 0x0000000100000000)
  region size 1024K, 115 young (117760K), 15 survivors (15360K)
 Metaspace       used 103739K, committed 104704K, reserved 557056K
  class space    used 14353K, committed 14848K, reserved 425984K
}
Event: 39.370 GC heap after
{Heap after GC invocations=50 (full 0):
 garbage-first heap   total 314368K, used 150470K [0x0000000080000000, 0x0000000100000000)
  region size 1024K, 12 young (12288K), 12 survivors (12288K)
 Metaspace       used 103739K, committed 104704K, reserved 557056K
  class space    used 14353K, committed 14848K, reserved 425984K
}
Event: 41.441 GC heap before
{Heap before GC invocations=50 (full 0):
 garbage-first heap   total 314368K, used 249798K [0x0000000080000000, 0x0000000100000000)
  region size 1024K, 105 young (107520K), 12 survivors (12288K)
 Metaspace       used 106888K, committed 107904K, reserved 557056K
  class space    used 14692K, committed 15168K, reserved 425984K
}
Event: 41.468 GC heap after
{Heap after GC invocations=51 (full 0):
 garbage-first heap   total 314368K, used 159744K [0x0000000080000000, 0x0000000100000000)
  region size 1024K, 10 young (10240K), 10 survivors (10240K)
 Metaspace       used 106888K, committed 107904K, reserved 557056K
  class space    used 14692K, committed 15168K, reserved 425984K
}

