# JRE version: OpenJDK Runtime Environment Microsoft-8035246 (17.0.8+7) (build 17.0.8+7-LTS)
# Java VM: OpenJDK 64-Bit Server VM Microsoft-8035246 (17.0.8+7-LTS, mixed mode, sharing, tiered, compressed oops, compressed class ptrs, g1 gc, windows-amd64)
GC Precious Log:
 CPUs: 4 total, 4 available
 Memory: 16264M
 Large Page Support: Disabled
 NUMA Support: Disabled
 Compressed Oops: Enabled (32-bit)
 Heap Region Size: 1M
 Heap Min Capacity: 8M
 Heap Initial Capacity: 256M
 Heap Max Capacity: 2G
 Pre-touch: Disabled
 Parallel Workers: 4
 Concurrent Workers: 1
 Concurrent Refinement Workers: 4
 Periodic GC: Disabled
Heap:
 garbage-first heap   total 499712K, used 284321K [0x0000000080000000, 0x0000000100000000)
  region size 1024K, 139 young (142336K), 20 survivors (20480K)
 Metaspace       used 101902K, committed 102912K, reserved 557056K
  class space    used 14047K, committed 14528K, reserved 425984K
GC Heap History (20 events):
Event: 30.726 GC heap before
{Heap before GC invocations=36 (full 0):
 garbage-first heap   total 210944K, used 156117K [0x0000000080000000, 0x0000000100000000)
  region size 1024K, 75 young (76800K), 6 survivors (6144K)
 Metaspace       used 78078K, committed 78848K, reserved 557056K
  class space    used 10815K, committed 11200K, reserved 425984K
}
Event: 30.737 GC heap after
{Heap after GC invocations=37 (full 0):
 garbage-first heap   total 210944K, used 90308K [0x0000000080000000, 0x0000000100000000)
  region size 1024K, 10 young (10240K), 10 survivors (10240K)
 Metaspace       used 78078K, committed 78848K, reserved 557056K
  class space    used 10815K, committed 11200K, reserved 425984K
}
Event: 31.824 GC heap before
{Heap before GC invocations=37 (full 0):
 garbage-first heap   total 210944K, used 159940K [0x0000000080000000, 0x0000000100000000)
  region size 1024K, 78 young (79872K), 10 survivors (10240K)
 Metaspace       used 82757K, committed 83520K, reserved 557056K
  class space    used 11531K, committed 11904K, reserved 425984K
}
Event: 31.836 GC heap after
{Heap after GC invocations=38 (full 0):
 garbage-first heap   total 210944K, used 92938K [0x0000000080000000, 0x0000000100000000)
  region size 1024K, 8 young (8192K), 8 survivors (8192K)
 Metaspace       used 82757K, committed 83520K, reserved 557056K
  class space    used 11531K, committed 11904K, reserved 425984K
}
Event: 32.628 GC heap before
{Heap before GC invocations=38 (full 0):
 garbage-first heap   total 210944K, used 163594K [0x0000000080000000, 0x0000000100000000)
  region size 1024K, 77 young (78848K), 8 survivors (8192K)
 Metaspace       used 86913K, committed 87744K, reserved 557056K
  class space    used 12208K, committed 12608K, reserved 425984K
}
Event: 32.642 GC heap after
{Heap after GC invocations=39 (full 0):
 garbage-first heap   total 210944K, used 96751K [0x0000000080000000, 0x0000000100000000)
  region size 1024K, 7 young (7168K), 7 survivors (7168K)
 Metaspace       used 86913K, committed 87744K, reserved 557056K
  class space    used 12208K, committed 12608K, reserved 425984K
}
Event: 33.505 GC heap before
{Heap before GC invocations=39 (full 0):
 garbage-first heap   total 210944K, used 147951K [0x0000000080000000, 0x0000000100000000)
  region size 1024K, 55 young (56320K), 7 survivors (7168K)
 Metaspace       used 88275K, committed 89088K, reserved 557056K
  class space    used 12342K, committed 12736K, reserved 425984K
}
Event: 33.519 GC heap after
{Heap after GC invocations=40 (full 0):
 garbage-first heap   total 210944K, used 106217K [0x0000000080000000, 0x0000000100000000)
  region size 1024K, 10 young (10240K), 10 survivors (10240K)
 Metaspace       used 88275K, committed 89088K, reserved 557056K
  class space    used 12342K, committed 12736K, reserved 425984K
}
Event: 35.502 GC heap before
{Heap before GC invocations=41 (full 0):
 garbage-first heap   total 210944K, used 170729K [0x0000000080000000, 0x0000000100000000)
  region size 1024K, 71 young (72704K), 10 survivors (10240K)
 Metaspace       used 89749K, committed 90688K, reserved 557056K
  class space    used 12575K, committed 12992K, reserved 425984K
}
Event: 35.524 GC heap after
{Heap after GC invocations=42 (full 0):
 garbage-first heap   total 210944K, used 122591K [0x0000000080000000, 0x0000000100000000)
  region size 1024K, 9 young (9216K), 9 survivors (9216K)
 Metaspace       used 89749K, committed 90688K, reserved 557056K
  class space    used 12575K, committed 12992K, reserved 425984K
}
Event: 35.551 GC heap before
{Heap before GC invocations=42 (full 0):
 garbage-first heap   total 210944K, used 123615K [0x0000000080000000, 0x0000000100000000)
  region size 1024K, 10 young (10240K), 9 survivors (9216K)
 Metaspace       used 89793K, committed 90688K, reserved 557056K
  class space    used 12581K, committed 12992K, reserved 425984K
}
Event: 35.565 GC heap after
{Heap after GC invocations=43 (full 0):
 garbage-first heap   total 210944K, used 124033K [0x0000000080000000, 0x0000000100000000)
  region size 1024K, 2 young (2048K), 2 survivors (2048K)
 Metaspace       used 89793K, committed 90688K, reserved 557056K
  class space    used 12581K, committed 12992K, reserved 425984K
}
Event: 36.802 GC heap before
{Heap before GC invocations=43 (full 0):
 garbage-first heap   total 210944K, used 170113K [0x0000000080000000, 0x0000000100000000)
  region size 1024K, 46 young (47104K), 2 survivors (2048K)
 Metaspace       used 91659K, committed 92544K, reserved 557056K
  class space    used 12771K, committed 13184K, reserved 425984K
}
Event: 36.819 GC heap after
{Heap after GC invocations=44 (full 0):
 garbage-first heap   total 210944K, used 134392K [0x0000000080000000, 0x0000000100000000)
  region size 1024K, 6 young (6144K), 6 survivors (6144K)
 Metaspace       used 91659K, committed 92544K, reserved 557056K
  class space    used 12771K, committed 13184K, reserved 425984K
}
Event: 37.390 GC heap before
{Heap before GC invocations=45 (full 0):
 garbage-first heap   total 249856K, used 169208K [0x0000000080000000, 0x0000000100000000)
  region size 1024K, 40 young (40960K), 6 survivors (6144K)
 Metaspace       used 94262K, committed 95168K, reserved 557056K
  class space    used 13178K, committed 13568K, reserved 425984K
}
Event: 37.402 GC heap after
{Heap after GC invocations=46 (full 0):
 garbage-first heap   total 249856K, used 136605K [0x0000000080000000, 0x0000000100000000)
  region size 1024K, 2 young (2048K), 2 survivors (2048K)
 Metaspace       used 94262K, committed 95168K, reserved 557056K
  class space    used 13178K, committed 13568K, reserved 425984K
}
Event: 37.611 GC heap before
{Heap before GC invocations=46 (full 0):
 garbage-first heap   total 249856K, used 146845K [0x0000000080000000, 0x0000000100000000)
  region size 1024K, 12 young (12288K), 2 survivors (2048K)
 Metaspace       used 95033K, committed 95936K, reserved 557056K
  class space    used 13290K, committed 13696K, reserved 425984K
}
Event: 37.620 GC heap after
{Heap after GC invocations=47 (full 0):
 garbage-first heap   total 499712K, used 136940K [0x0000000080000000, 0x0000000100000000)
  region size 1024K, 1 young (1024K), 1 survivors (1024K)
 Metaspace       used 95033K, committed 95936K, reserved 557056K
  class space    used 13290K, committed 13696K, reserved 425984K
}
Event: 41.899 GC heap before
{Heap before GC invocations=47 (full 0):
 garbage-first heap   total 499712K, used 346860K [0x0000000080000000, 0x0000000100000000)
  region size 1024K, 202 young (206848K), 1 survivors (1024K)
 Metaspace       used 101653K, committed 102656K, reserved 557056K
  class space    used 14042K, committed 14528K, reserved 425984K
}
Event: 41.936 GC heap after
{Heap after GC invocations=48 (full 0):
 garbage-first heap   total 499712K, used 156321K [0x0000000080000000, 0x0000000100000000)
  region size 1024K, 20 young (20480K), 20 survivors (20480K)
 Metaspace       used 101653K, committed 102656K, reserved 557056K
  class space    used 14042K, committed 14528K, reserved 425984K
}

