# JRE version: OpenJDK Runtime Environment Microsoft-8035246 (17.0.8+7) (build 17.0.8+7-LTS)
# Java VM: OpenJDK 64-Bit Server VM Microsoft-8035246 (17.0.8+7-LTS, mixed mode, sharing, tiered, compressed oops, compressed class ptrs, g1 gc, windows-amd64)
GC Precious Log:
 CPUs: 4 total, 4 available
 Memory: 16264M
 Large Page Support: Disabled
 NUMA Support: Disabled
 Compressed Oops: Enabled (32-bit)
 Heap Region Size: 1M
 Heap Min Capacity: 8M
 Heap Initial Capacity: 256M
 Heap Max Capacity: 2G
 Pre-touch: Disabled
 Parallel Workers: 4
 Concurrent Workers: 1
 Concurrent Refinement Workers: 4
 Periodic GC: Disabled
Heap:
 garbage-first heap   total 319488K, used 159232K [0x0000000080000000, 0x0000000100000000)
  region size 1024K, 10 young (10240K), 9 survivors (9216K)
 Metaspace       used 106439K, committed 107392K, reserved 557056K
  class space    used 14651K, committed 15104K, reserved 425984K
GC Heap History (20 events):
Event: 35.466 GC heap before
{Heap before GC invocations=43 (full 0):
 garbage-first heap   total 168960K, used 123571K [0x0000000080000000, 0x0000000100000000)
  region size 1024K, 37 young (37888K), 1 survivors (1024K)
 Metaspace       used 79734K, committed 80512K, reserved 557056K
  class space    used 10982K, committed 11328K, reserved 425984K
}
Event: 35.470 GC heap after
{Heap after GC invocations=44 (full 0):
 garbage-first heap   total 168960K, used 87984K [0x0000000080000000, 0x0000000100000000)
  region size 1024K, 3 young (3072K), 3 survivors (3072K)
 Metaspace       used 79734K, committed 80512K, reserved 557056K
  class space    used 10982K, committed 11328K, reserved 425984K
}
Event: 36.344 GC heap before
{Heap before GC invocations=45 (full 0):
 garbage-first heap   total 168960K, used 125872K [0x0000000080000000, 0x0000000100000000)
  region size 1024K, 40 young (40960K), 3 survivors (3072K)
 Metaspace       used 82627K, committed 83392K, reserved 557056K
  class space    used 11352K, committed 11712K, reserved 425984K
}
Event: 36.349 GC heap after
{Heap after GC invocations=46 (full 0):
 garbage-first heap   total 168960K, used 89455K [0x0000000080000000, 0x0000000100000000)
  region size 1024K, 4 young (4096K), 4 survivors (4096K)
 Metaspace       used 82627K, committed 83392K, reserved 557056K
  class space    used 11352K, committed 11712K, reserved 425984K
}
Event: 36.487 GC heap before
{Heap before GC invocations=46 (full 0):
 garbage-first heap   total 168960K, used 93551K [0x0000000080000000, 0x0000000100000000)
  region size 1024K, 8 young (8192K), 4 survivors (4096K)
 Metaspace       used 82888K, committed 83648K, reserved 557056K
  class space    used 11396K, committed 11776K, reserved 425984K
}
Event: 36.496 GC heap after
{Heap after GC invocations=47 (full 0):
 garbage-first heap   total 168960K, used 89578K [0x0000000080000000, 0x0000000100000000)
  region size 1024K, 1 young (1024K), 1 survivors (1024K)
 Metaspace       used 82888K, committed 83648K, reserved 557056K
  class space    used 11396K, committed 11776K, reserved 425984K
}
Event: 37.250 GC heap before
{Heap before GC invocations=47 (full 0):
 garbage-first heap   total 168960K, used 130538K [0x0000000080000000, 0x0000000100000000)
  region size 1024K, 41 young (41984K), 1 survivors (1024K)
 Metaspace       used 83170K, committed 83904K, reserved 557056K
  class space    used 11443K, committed 11776K, reserved 425984K
}
Event: 37.255 GC heap after
{Heap after GC invocations=48 (full 0):
 garbage-first heap   total 168960K, used 92366K [0x0000000080000000, 0x0000000100000000)
  region size 1024K, 4 young (4096K), 4 survivors (4096K)
 Metaspace       used 83170K, committed 83904K, reserved 557056K
  class space    used 11443K, committed 11776K, reserved 425984K
}
Event: 42.298 GC heap before
{Heap before GC invocations=49 (full 0):
 garbage-first heap   total 168960K, used 132302K [0x0000000080000000, 0x0000000100000000)
  region size 1024K, 43 young (44032K), 4 survivors (4096K)
 Metaspace       used 85247K, committed 86016K, reserved 557056K
  class space    used 11737K, committed 12096K, reserved 425984K
}
Event: 42.307 GC heap after
{Heap after GC invocations=50 (full 0):
 garbage-first heap   total 168960K, used 94517K [0x0000000080000000, 0x0000000100000000)
  region size 1024K, 5 young (5120K), 5 survivors (5120K)
 Metaspace       used 85247K, committed 86016K, reserved 557056K
  class space    used 11737K, committed 12096K, reserved 425984K
}
Event: 42.361 GC heap before
{Heap before GC invocations=50 (full 0):
 garbage-first heap   total 168960K, used 97589K [0x0000000080000000, 0x0000000100000000)
  region size 1024K, 8 young (8192K), 5 survivors (5120K)
 Metaspace       used 85421K, committed 86208K, reserved 557056K
  class space    used 11764K, committed 12160K, reserved 425984K
}
Event: 42.367 GC heap after
{Heap after GC invocations=51 (full 0):
 garbage-first heap   total 168960K, used 95246K [0x0000000080000000, 0x0000000100000000)
  region size 1024K, 1 young (1024K), 1 survivors (1024K)
 Metaspace       used 85421K, committed 86208K, reserved 557056K
  class space    used 11764K, committed 12160K, reserved 425984K
}
Event: 43.081 GC heap before
{Heap before GC invocations=51 (full 0):
 garbage-first heap   total 168960K, used 135182K [0x0000000080000000, 0x0000000100000000)
  region size 1024K, 40 young (40960K), 1 survivors (1024K)
 Metaspace       used 88120K, committed 88832K, reserved 557056K
  class space    used 12205K, committed 12544K, reserved 425984K
}
Event: 43.087 GC heap after
{Heap after GC invocations=52 (full 0):
 garbage-first heap   total 319488K, used 95587K [0x0000000080000000, 0x0000000100000000)
  region size 1024K, 2 young (2048K), 2 survivors (2048K)
 Metaspace       used 88120K, committed 88832K, reserved 557056K
  class space    used 12205K, committed 12544K, reserved 425984K
}
Event: 48.611 GC heap before
{Heap before GC invocations=52 (full 0):
 garbage-first heap   total 319488K, used 248163K [0x0000000080000000, 0x0000000100000000)
  region size 1024K, 146 young (149504K), 2 survivors (2048K)
 Metaspace       used 94663K, committed 95424K, reserved 557056K
  class space    used 13203K, committed 13568K, reserved 425984K
}
Event: 48.636 GC heap after
{Heap after GC invocations=53 (full 0):
 garbage-first heap   total 319488K, used 115767K [0x0000000080000000, 0x0000000100000000)
  region size 1024K, 17 young (17408K), 17 survivors (17408K)
 Metaspace       used 94663K, committed 95424K, reserved 557056K
  class space    used 13203K, committed 13568K, reserved 425984K
}
Event: 55.504 GC heap before
{Heap before GC invocations=53 (full 0):
 garbage-first heap   total 319488K, used 247863K [0x0000000080000000, 0x0000000100000000)
  region size 1024K, 144 young (147456K), 17 survivors (17408K)
 Metaspace       used 100809K, committed 101824K, reserved 557056K
  class space    used 14005K, committed 14464K, reserved 425984K
}
Event: 55.543 GC heap after
{Heap after GC invocations=54 (full 0):
 garbage-first heap   total 319488K, used 137451K [0x0000000080000000, 0x0000000100000000)
  region size 1024K, 18 young (18432K), 18 survivors (18432K)
 Metaspace       used 100809K, committed 101824K, reserved 557056K
  class space    used 14005K, committed 14464K, reserved 425984K
}
Event: 60.281 GC heap before
{Heap before GC invocations=54 (full 0):
 garbage-first heap   total 319488K, used 244971K [0x0000000080000000, 0x0000000100000000)
  region size 1024K, 124 young (126976K), 18 survivors (18432K)
 Metaspace       used 103832K, committed 104704K, reserved 557056K
  class space    used 14356K, committed 14784K, reserved 425984K
}
Event: 60.314 GC heap after
{Heap after GC invocations=55 (full 0):
 garbage-first heap   total 319488K, used 149994K [0x0000000080000000, 0x0000000100000000)
  region size 1024K, 12 young (12288K), 12 survivors (12288K)
 Metaspace       used 103832K, committed 104704K, reserved 557056K
  class space    used 14356K, committed 14784K, reserved 425984K
}

